common/build/intermediates/manifest_merge_blame_file/debug/manifest-merger-blame-debug-report.txt
1<?xml version="1.0" encoding="utf-8"?>
2<manifest xmlns:android="http://schemas.android.com/apk/res/android"
3    xmlns:tools="http://schemas.android.com/tools"
4    package="com.shijingfeng.common"
5    android:versionCode="1"
6    android:versionName="1.0.0" >
7
8    <uses-sdk
9        android:minSdkVersion="21"
9-->src\main\AndroidManifest.xml
10        android:targetSdkVersion="29" />
10-->src\main\AndroidManifest.xml
11
12    <uses-permission android:name="android.permission.INTERNET" />
12-->src\main\AndroidManifest.xml:5:5-67
12-->src\main\AndroidManifest.xml:5:22-64
13    <uses-permission android:name="android.permission.ACCESS_NETWORK_STATE" />
13-->src\main\AndroidManifest.xml:6:5-79
13-->src\main\AndroidManifest.xml:6:22-76
14    <uses-permission android:name="android.permission.WRITE_EXTERNAL_STORAGE" />
14-->src\main\AndroidManifest.xml:7:5-81
14-->src\main\AndroidManifest.xml:7:22-78
15    <uses-permission android:name="android.permission.READ_EXTERNAL_STORAGE" />
15-->src\main\AndroidManifest.xml:8:5-80
15-->src\main\AndroidManifest.xml:8:22-77
16
17    <application
17-->src\main\AndroidManifest.xml:10:5-17:19
18        android:networkSecurityConfig="@xml/network_security_config"
18-->src\main\AndroidManifest.xml:11:9-69
19        tools:ignore="UnusedAttribute" >
19-->src\main\AndroidManifest.xml:12:9-39
20
21        <!-- 查看大图 Activity -->
22        <activity android:name="com.shijingfeng.common.ui.activity.ViewOriginalImageActivity" />
22-->src\main\AndroidManifest.xml:15:9-97
22-->src\main\AndroidManifest.xml:15:19-94
23    </application>
24
25</manifest>